<?xml version="1.0" encoding="UTF-8"?>
<testng-results ignored="0" total="1" passed="1" failed="0" skipped="0">
  <reporter-output>
  </reporter-output>
  <suite started-at="2026-01-31T15:00:38 IST" name="TestSuite" finished-at="2026-01-31T15:00:43 IST" duration-ms="5411">
    <groups>
    </groups>
    <test started-at="2026-01-31T15:00:38 IST" name="LoginTest" finished-at="2026-01-31T15:00:43 IST" duration-ms="5411">
      <class name="tests.LoginTest">
        <test-method is-config="true" signature="setup()[pri:0, instance:tests.LoginTest@55183b20]" started-at="2026-01-31T15:00:38 IST" name="setup" finished-at="2026-01-31T15:00:41 IST" duration-ms="2617" status="PASS">
          <reporter-output>
          </reporter-output>
        </test-method> <!-- setup -->
        <test-method signature="testValidLogin()[pri:0, instance:tests.LoginTest@55183b20]" started-at="2026-01-31T15:00:41 IST" name="testValidLogin" finished-at="2026-01-31T15:00:43 IST" duration-ms="2742" status="PASS">
          <reporter-output>
          </reporter-output>
        </test-method> <!-- testValidLogin -->
        <test-method is-config="true" signature="tearDown()[pri:0, instance:tests.LoginTest@55183b20]" started-at="2026-01-31T15:00:43 IST" name="tearDown" finished-at="2026-01-31T15:00:43 IST" duration-ms="0" status="PASS">
          <reporter-output>
          </reporter-output>
        </test-method> <!-- tearDown -->
      </class> <!-- tests.LoginTest -->
    </test> <!-- LoginTest -->
  </suite> <!-- TestSuite -->
</testng-results>
