<?xml version="1.0" encoding="UTF-8"?>
<!-- Generated by org.testng.reporters.JUnitXMLReporter -->
<testsuite ignored="0" hostname="LAPTOP-RINO93FS" failures="1" tests="1" name="LoginTest" time="4.052" errors="0" timestamp="2026-02-03T00:59:49 IST">
  <testcase classname="tests.LoginTest" name="testValidLogin_XMLParameters" time="0.449">
    <failure type="java.lang.AssertionError" message="expected [Just a moment...] but found [nopCommerce demo store. Login]">
      <![CDATA[java.lang.AssertionError: expected [Just a moment...] but found [nopCommerce demo store. Login]
at tests.LoginTest.testValidLogin_XMLParameters(LoginTest.java:146)
at java.base/java.util.ArrayList.forEach(ArrayList.java:1511)
... Removed 33 stack frames]]>
    </failure>
  </testcase> <!-- testValidLogin_XMLParameters -->
</testsuite> <!-- LoginTest -->
